c:\users\gweeperx\desktop\templ\alpc-bypassuac\x64\debug\vc141.pdb
c:\users\gweeperx\desktop\templ\alpc-bypassuac\x64\debug\vc141.idb
c:\users\gweeperx\desktop\templ\alpc-bypassuac\x64\debug\stdafx.obj
c:\users\gweeperx\desktop\templ\alpc-bypassuac\x64\debug\alpc-bypassuac.obj
c:\users\gweeperx\desktop\templ\alpc-bypassuac\x64\debug\rpc_c.obj
c:\users\gweeperx\desktop\templ\x64\debug\alpc-bypassuac.ilk
c:\users\gweeperx\desktop\templ\x64\debug\alpc-bypassuac.exe
c:\users\gweeperx\desktop\templ\x64\debug\alpc-bypassuac.pdb
c:\users\gweeperx\desktop\templ\alpc-bypassuac\rpc_c.c
c:\users\gweeperx\desktop\templ\alpc-bypassuac\rpc_s.c
c:\users\gweeperx\desktop\templ\alpc-bypassuac\rpc_h.h
c:\users\gweeperx\desktop\templ\alpc-bypassuac\x64\debug\alpc-bypassuac.tlog\cl.command.1.tlog
c:\users\gweeperx\desktop\templ\alpc-bypassuac\x64\debug\alpc-bypassuac.tlog\cl.read.1.tlog
c:\users\gweeperx\desktop\templ\alpc-bypassuac\x64\debug\alpc-bypassuac.tlog\cl.write.1.tlog
c:\users\gweeperx\desktop\templ\alpc-bypassuac\x64\debug\alpc-bypassuac.tlog\link.command.1.tlog
c:\users\gweeperx\desktop\templ\alpc-bypassuac\x64\debug\alpc-bypassuac.tlog\link.read.1.tlog
c:\users\gweeperx\desktop\templ\alpc-bypassuac\x64\debug\alpc-bypassuac.tlog\link.write.1.tlog
c:\users\gweeperx\desktop\templ\alpc-bypassuac\x64\debug\alpc-bypassuac.tlog\midl.command.1.tlog
c:\users\gweeperx\desktop\templ\alpc-bypassuac\x64\debug\alpc-bypassuac.tlog\midl.read.1.tlog
c:\users\gweeperx\desktop\templ\alpc-bypassuac\x64\debug\alpc-bypassuac.tlog\midl.write.1.tlog
